2025/04/27 15:54:04 [notice] 1#1: using the "epoll" event method
2025/04/27 15:54:04 [notice] 1#1: nginx/1.27.5
2025/04/27 15:54:04 [notice] 1#1: built by gcc 14.2.0 (Alpine 14.2.0) 
2025/04/27 15:54:04 [notice] 1#1: OS: Linux 6.8.0-52-generic
2025/04/27 15:54:04 [notice] 1#1: getrlimit(RLIMIT_NOFILE): 1048576:1048576
2025/04/27 15:54:04 [notice] 1#1: start worker processes
2025/04/27 15:54:04 [notice] 1#1: start worker process 29
2025/04/27 15:54:04 [notice] 1#1: start worker process 30
2025/04/27 15:54:04 [notice] 1#1: start worker process 31
2025/04/27 15:54:04 [notice] 1#1: start worker process 32
2025/04/27 15:54:04 [notice] 1#1: start worker process 33
2025/04/27 15:54:04 [notice] 1#1: start worker process 34
2025/04/27 15:54:04 [notice] 1#1: start worker process 35
2025/04/27 15:54:04 [notice] 1#1: start worker process 36
2025/04/27 15:54:04 [notice] 1#1: start worker process 37
2025/04/27 15:54:04 [notice] 1#1: start worker process 38
2025/04/27 15:54:04 [notice] 1#1: start worker process 39
2025/04/27 15:54:04 [notice] 1#1: start worker process 40
2025/04/27 15:54:04 [notice] 1#1: start worker process 41
2025/04/27 15:54:04 [notice] 1#1: start worker process 42
2025/04/27 15:54:04 [notice] 1#1: start worker process 43
2025/04/27 15:54:04 [notice] 1#1: start worker process 44
2025/04/27 15:54:04 [notice] 1#1: start worker process 45
2025/04/27 15:54:04 [notice] 1#1: start worker process 46
2025/04/27 15:54:04 [notice] 1#1: start worker process 47
2025/04/27 15:54:04 [notice] 1#1: start worker process 48
2025/04/27 15:54:04 [notice] 1#1: start worker process 49
2025/04/27 15:54:04 [notice] 1#1: start worker process 50
2025/04/27 15:54:04 [notice] 1#1: start worker process 51
2025/04/27 15:54:04 [notice] 1#1: start worker process 52
2025/04/27 15:57:19 [notice] 1#1: signal 3 (SIGQUIT) received, shutting down
2025/04/27 15:57:19 [notice] 29#29: gracefully shutting down
2025/04/27 15:57:19 [notice] 31#31: gracefully shutting down
2025/04/27 15:57:19 [notice] 33#33: gracefully shutting down
2025/04/27 15:57:19 [notice] 32#32: gracefully shutting down
2025/04/27 15:57:19 [notice] 36#36: gracefully shutting down
2025/04/27 15:57:19 [notice] 37#37: gracefully shutting down
2025/04/27 15:57:19 [notice] 29#29: exiting
2025/04/27 15:57:19 [notice] 38#38: gracefully shutting down
2025/04/27 15:57:19 [notice] 39#39: gracefully shutting down
2025/04/27 15:57:19 [notice] 41#41: gracefully shutting down
2025/04/27 15:57:19 [notice] 40#40: gracefully shutting down
2025/04/27 15:57:19 [notice] 31#31: exiting
2025/04/27 15:57:19 [notice] 42#42: gracefully shutting down
2025/04/27 15:57:19 [notice] 33#33: exiting
2025/04/27 15:57:19 [notice] 43#43: gracefully shutting down
2025/04/27 15:57:19 [notice] 32#32: exiting
2025/04/27 15:57:19 [notice] 44#44: gracefully shutting down
2025/04/27 15:57:19 [notice] 46#46: gracefully shutting down
2025/04/27 15:57:19 [notice] 36#36: exiting
2025/04/27 15:57:19 [notice] 47#47: gracefully shutting down
2025/04/27 15:57:19 [notice] 48#48: gracefully shutting down
2025/04/27 15:57:19 [notice] 37#37: exiting
2025/04/27 15:57:19 [notice] 30#30: gracefully shutting down
2025/04/27 15:57:19 [notice] 45#45: gracefully shutting down
2025/04/27 15:57:19 [notice] 34#34: gracefully shutting down
2025/04/27 15:57:19 [notice] 38#38: exiting
2025/04/27 15:57:19 [notice] 49#49: gracefully shutting down
2025/04/27 15:57:19 [notice] 39#39: exiting
2025/04/27 15:57:19 [notice] 35#35: gracefully shutting down
2025/04/27 15:57:19 [notice] 41#41: exiting
2025/04/27 15:57:19 [notice] 40#40: exiting
2025/04/27 15:57:19 [notice] 42#42: exiting
2025/04/27 15:57:19 [notice] 43#43: exiting
2025/04/27 15:57:19 [notice] 44#44: exiting
2025/04/27 15:57:19 [notice] 46#46: exiting
2025/04/27 15:57:19 [notice] 47#47: exiting
2025/04/27 15:57:19 [notice] 48#48: exiting
2025/04/27 15:57:19 [notice] 30#30: exiting
2025/04/27 15:57:19 [notice] 45#45: exiting
2025/04/27 15:57:19 [notice] 34#34: exiting
2025/04/27 15:57:19 [notice] 49#49: exiting
2025/04/27 15:57:19 [notice] 35#35: exiting
2025/04/27 15:57:19 [notice] 50#50: gracefully shutting down
2025/04/27 15:57:19 [notice] 52#52: gracefully shutting down
2025/04/27 15:57:19 [notice] 52#52: exiting
2025/04/27 15:57:19 [notice] 29#29: exit
2025/04/27 15:57:19 [notice] 50#50: exiting
2025/04/27 15:57:19 [notice] 31#31: exit
2025/04/27 15:57:19 [notice] 36#36: exit
2025/04/27 15:57:19 [notice] 32#32: exit
2025/04/27 15:57:19 [notice] 38#38: exit
2025/04/27 15:57:19 [notice] 37#37: exit
2025/04/27 15:57:19 [notice] 39#39: exit
2025/04/27 15:57:19 [notice] 41#41: exit
2025/04/27 15:57:19 [notice] 43#43: exit
2025/04/27 15:57:19 [notice] 47#47: exit
2025/04/27 15:57:19 [notice] 49#49: exit
2025/04/27 15:57:19 [notice] 40#40: exit
2025/04/27 15:57:19 [notice] 42#42: exit
2025/04/27 15:57:19 [notice] 48#48: exit
2025/04/27 15:57:19 [notice] 44#44: exit
2025/04/27 15:57:19 [notice] 46#46: exit
2025/04/27 15:57:19 [notice] 45#45: exit
2025/04/27 15:57:19 [notice] 34#34: exit
2025/04/27 15:57:19 [notice] 30#30: exit
2025/04/27 15:57:19 [notice] 35#35: exit
2025/04/27 15:57:19 [notice] 52#52: exit
2025/04/27 15:57:19 [notice] 50#50: exit
2025/04/27 15:57:19 [notice] 33#33: exit
2025/04/27 15:57:19 [notice] 51#51: gracefully shutting down
2025/04/27 15:57:19 [notice] 51#51: exiting
2025/04/27 15:57:19 [notice] 51#51: exit
2025/04/27 15:57:19 [notice] 1#1: signal 17 (SIGCHLD) received from 36
2025/04/27 15:57:19 [notice] 1#1: worker process 36 exited with code 0
2025/04/27 15:57:19 [notice] 1#1: signal 29 (SIGIO) received
2025/04/27 15:57:19 [notice] 1#1: signal 17 (SIGCHLD) received from 30
2025/04/27 15:57:19 [notice] 1#1: worker process 30 exited with code 0
2025/04/27 15:57:19 [notice] 1#1: signal 29 (SIGIO) received
2025/04/27 15:57:19 [notice] 1#1: signal 17 (SIGCHLD) received from 52
2025/04/27 15:57:19 [notice] 1#1: worker process 52 exited with code 0
2025/04/27 15:57:19 [notice] 1#1: signal 29 (SIGIO) received
2025/04/27 15:57:19 [notice] 1#1: signal 17 (SIGCHLD) received from 41
2025/04/27 15:57:19 [notice] 1#1: worker process 41 exited with code 0
2025/04/27 15:57:19 [notice] 1#1: signal 29 (SIGIO) received
2025/04/27 15:57:19 [notice] 1#1: signal 17 (SIGCHLD) received from 32
2025/04/27 15:57:19 [notice] 1#1: worker process 32 exited with code 0
2025/04/27 15:57:19 [notice] 1#1: worker process 29 exited with code 0
2025/04/27 15:57:19 [notice] 1#1: worker process 44 exited with code 0
2025/04/27 15:57:19 [notice] 1#1: worker process 50 exited with code 0
2025/04/27 15:57:19 [notice] 1#1: worker process 37 exited with code 0
2025/04/27 15:57:19 [notice] 1#1: worker process 47 exited with code 0
2025/04/27 15:57:19 [notice] 1#1: worker process 31 exited with code 0
2025/04/27 15:57:19 [notice] 1#1: worker process 46 exited with code 0
2025/04/27 15:57:19 [notice] 1#1: signal 29 (SIGIO) received
2025/04/27 15:57:19 [notice] 1#1: signal 17 (SIGCHLD) received from 44
2025/04/27 15:57:19 [notice] 1#1: signal 17 (SIGCHLD) received from 38
2025/04/27 15:57:19 [notice] 1#1: worker process 38 exited with code 0
2025/04/27 15:57:19 [notice] 1#1: signal 29 (SIGIO) received
2025/04/27 15:57:19 [notice] 1#1: signal 17 (SIGCHLD) received from 42
2025/04/27 15:57:19 [notice] 1#1: worker process 40 exited with code 0
2025/04/27 15:57:19 [notice] 1#1: worker process 42 exited with code 0
2025/04/27 15:57:19 [notice] 1#1: signal 29 (SIGIO) received
2025/04/27 15:57:19 [notice] 1#1: signal 17 (SIGCHLD) received from 48
2025/04/27 15:57:19 [notice] 1#1: worker process 48 exited with code 0
2025/04/27 15:57:19 [notice] 1#1: signal 29 (SIGIO) received
2025/04/27 15:57:19 [notice] 1#1: signal 17 (SIGCHLD) received from 39
2025/04/27 15:57:19 [notice] 1#1: worker process 39 exited with code 0
2025/04/27 15:57:19 [notice] 1#1: worker process 49 exited with code 0
2025/04/27 15:57:19 [notice] 1#1: signal 29 (SIGIO) received
2025/04/27 15:57:19 [notice] 1#1: signal 17 (SIGCHLD) received from 49
2025/04/27 15:57:19 [notice] 1#1: signal 17 (SIGCHLD) received from 43
2025/04/27 15:57:19 [notice] 1#1: worker process 43 exited with code 0
2025/04/27 15:57:19 [notice] 1#1: worker process 34 exited with code 0
2025/04/27 15:57:19 [notice] 1#1: signal 29 (SIGIO) received
2025/04/27 15:57:19 [notice] 1#1: signal 17 (SIGCHLD) received from 34
2025/04/27 15:57:19 [notice] 1#1: signal 17 (SIGCHLD) received from 33
2025/04/27 15:57:19 [notice] 1#1: worker process 33 exited with code 0
2025/04/27 15:57:19 [notice] 1#1: signal 29 (SIGIO) received
2025/04/27 15:57:19 [notice] 1#1: signal 17 (SIGCHLD) received from 51
2025/04/27 15:57:19 [notice] 1#1: worker process 51 exited with code 0
2025/04/27 15:57:19 [notice] 1#1: signal 29 (SIGIO) received
2025/04/27 15:57:19 [notice] 1#1: signal 17 (SIGCHLD) received from 35
2025/04/27 15:57:19 [notice] 1#1: worker process 35 exited with code 0
2025/04/27 15:57:19 [notice] 1#1: signal 29 (SIGIO) received
2025/04/27 15:57:19 [notice] 1#1: signal 17 (SIGCHLD) received from 45
2025/04/27 15:57:19 [notice] 1#1: worker process 45 exited with code 0
2025/04/27 15:57:19 [notice] 1#1: exit
2025/04/27 15:58:07 [notice] 1#1: using the "epoll" event method
2025/04/27 15:58:07 [notice] 1#1: nginx/1.27.5
2025/04/27 15:58:07 [notice] 1#1: built by gcc 14.2.0 (Alpine 14.2.0) 
2025/04/27 15:58:07 [notice] 1#1: OS: Linux 6.8.0-52-generic
2025/04/27 15:58:07 [notice] 1#1: getrlimit(RLIMIT_NOFILE): 1048576:1048576
2025/04/27 15:58:07 [notice] 1#1: start worker processes
2025/04/27 15:58:07 [notice] 1#1: start worker process 29
2025/04/27 15:58:07 [notice] 1#1: start worker process 30
2025/04/27 15:58:07 [notice] 1#1: start worker process 31
2025/04/27 15:58:07 [notice] 1#1: start worker process 32
2025/04/27 15:58:07 [notice] 1#1: start worker process 33
2025/04/27 15:58:07 [notice] 1#1: start worker process 34
2025/04/27 15:58:07 [notice] 1#1: start worker process 35
2025/04/27 15:58:07 [notice] 1#1: start worker process 36
2025/04/27 15:58:07 [notice] 1#1: start worker process 37
2025/04/27 15:58:07 [notice] 1#1: start worker process 38
2025/04/27 15:58:07 [notice] 1#1: start worker process 39
2025/04/27 15:58:07 [notice] 1#1: start worker process 40
2025/04/27 15:58:07 [notice] 1#1: start worker process 41
2025/04/27 15:58:07 [notice] 1#1: start worker process 42
2025/04/27 15:58:07 [notice] 1#1: start worker process 43
2025/04/27 15:58:07 [notice] 1#1: start worker process 44
2025/04/27 15:58:07 [notice] 1#1: start worker process 45
2025/04/27 15:58:07 [notice] 1#1: start worker process 46
2025/04/27 15:58:07 [notice] 1#1: start worker process 47
2025/04/27 15:58:07 [notice] 1#1: start worker process 48
2025/04/27 15:58:07 [notice] 1#1: start worker process 49
2025/04/27 15:58:07 [notice] 1#1: start worker process 50
2025/04/27 15:58:07 [notice] 1#1: start worker process 51
2025/04/27 15:58:07 [notice] 1#1: start worker process 52
2025/04/27 16:07:34 [notice] 1#1: signal 3 (SIGQUIT) received, shutting down
2025/04/27 16:07:34 [notice] 32#32: gracefully shutting down
2025/04/27 16:07:34 [notice] 34#34: gracefully shutting down
2025/04/27 16:07:34 [notice] 31#31: gracefully shutting down
2025/04/27 16:07:34 [notice] 35#35: gracefully shutting down
2025/04/27 16:07:34 [notice] 33#33: gracefully shutting down
2025/04/27 16:07:34 [notice] 36#36: gracefully shutting down
2025/04/27 16:07:34 [notice] 38#38: gracefully shutting down
2025/04/27 16:07:34 [notice] 39#39: gracefully shutting down
2025/04/27 16:07:34 [notice] 41#41: gracefully shutting down
2025/04/27 16:07:34 [notice] 32#32: exiting
2025/04/27 16:07:34 [notice] 42#42: gracefully shutting down
2025/04/27 16:07:34 [notice] 34#34: exiting
2025/04/27 16:07:34 [notice] 45#45: gracefully shutting down
2025/04/27 16:07:34 [notice] 29#29: gracefully shutting down
2025/04/27 16:07:34 [notice] 31#31: exiting
2025/04/27 16:07:34 [notice] 30#30: gracefully shutting down
2025/04/27 16:07:34 [notice] 43#43: gracefully shutting down
2025/04/27 16:07:34 [notice] 44#44: gracefully shutting down
2025/04/27 16:07:34 [notice] 40#40: gracefully shutting down
2025/04/27 16:07:34 [notice] 35#35: exiting
2025/04/27 16:07:34 [notice] 47#47: gracefully shutting down
2025/04/27 16:07:34 [notice] 46#46: gracefully shutting down
2025/04/27 16:07:34 [notice] 48#48: gracefully shutting down
2025/04/27 16:07:34 [notice] 37#37: gracefully shutting down
2025/04/27 16:07:34 [notice] 33#33: exiting
2025/04/27 16:07:34 [notice] 36#36: exiting
2025/04/27 16:07:34 [notice] 49#49: gracefully shutting down
2025/04/27 16:07:34 [notice] 50#50: gracefully shutting down
2025/04/27 16:07:34 [notice] 38#38: exiting
2025/04/27 16:07:34 [notice] 39#39: exiting
2025/04/27 16:07:34 [notice] 41#41: exiting
2025/04/27 16:07:34 [notice] 42#42: exiting
2025/04/27 16:07:34 [notice] 45#45: exiting
2025/04/27 16:07:34 [notice] 29#29: exiting
2025/04/27 16:07:34 [notice] 30#30: exiting
2025/04/27 16:07:34 [notice] 43#43: exiting
2025/04/27 16:07:34 [notice] 44#44: exiting
2025/04/27 16:07:34 [notice] 40#40: exiting
2025/04/27 16:07:34 [notice] 47#47: exiting
2025/04/27 16:07:34 [notice] 46#46: exiting
2025/04/27 16:07:34 [notice] 48#48: exiting
2025/04/27 16:07:34 [notice] 37#37: exiting
2025/04/27 16:07:34 [notice] 49#49: exiting
2025/04/27 16:07:34 [notice] 50#50: exiting
2025/04/27 16:07:34 [notice] 32#32: exit
2025/04/27 16:07:34 [notice] 34#34: exit
2025/04/27 16:07:34 [notice] 51#51: gracefully shutting down
2025/04/27 16:07:34 [notice] 51#51: exiting
2025/04/27 16:07:34 [notice] 31#31: exit
2025/04/27 16:07:34 [notice] 52#52: gracefully shutting down
2025/04/27 16:07:34 [notice] 52#52: exiting
2025/04/27 16:07:34 [notice] 35#35: exit
2025/04/27 16:07:34 [notice] 36#36: exit
2025/04/27 16:07:34 [notice] 47#47: exit
2025/04/27 16:07:34 [notice] 39#39: exit
2025/04/27 16:07:34 [notice] 45#45: exit
2025/04/27 16:07:34 [notice] 41#41: exit
2025/04/27 16:07:34 [notice] 33#33: exit
2025/04/27 16:07:34 [notice] 30#30: exit
2025/04/27 16:07:34 [notice] 38#38: exit
2025/04/27 16:07:34 [notice] 29#29: exit
2025/04/27 16:07:34 [notice] 44#44: exit
2025/04/27 16:07:34 [notice] 43#43: exit
2025/04/27 16:07:34 [notice] 48#48: exit
2025/04/27 16:07:34 [notice] 40#40: exit
2025/04/27 16:07:34 [notice] 46#46: exit
2025/04/27 16:07:34 [notice] 42#42: exit
2025/04/27 16:07:34 [notice] 49#49: exit
2025/04/27 16:07:34 [notice] 37#37: exit
2025/04/27 16:07:34 [notice] 50#50: exit
2025/04/27 16:07:34 [notice] 52#52: exit
2025/04/27 16:07:34 [notice] 51#51: exit
2025/04/27 16:07:34 [notice] 1#1: signal 17 (SIGCHLD) received from 43
2025/04/27 16:07:34 [notice] 1#1: worker process 33 exited with code 0
2025/04/27 16:07:34 [notice] 1#1: worker process 35 exited with code 0
2025/04/27 16:07:34 [notice] 1#1: worker process 41 exited with code 0
2025/04/27 16:07:34 [notice] 1#1: worker process 43 exited with code 0
2025/04/27 16:07:34 [notice] 1#1: signal 29 (SIGIO) received
2025/04/27 16:07:34 [notice] 1#1: signal 17 (SIGCHLD) received from 41
2025/04/27 16:07:34 [notice] 1#1: signal 17 (SIGCHLD) received from 34
2025/04/27 16:07:34 [notice] 1#1: worker process 34 exited with code 0
2025/04/27 16:07:34 [notice] 1#1: worker process 46 exited with code 0
2025/04/27 16:07:34 [notice] 1#1: signal 29 (SIGIO) received
2025/04/27 16:07:34 [notice] 1#1: signal 17 (SIGCHLD) received from 51
2025/04/27 16:07:34 [notice] 1#1: worker process 38 exited with code 0
2025/04/27 16:07:34 [notice] 1#1: worker process 40 exited with code 0
2025/04/27 16:07:34 [notice] 1#1: worker process 47 exited with code 0
2025/04/27 16:07:34 [notice] 1#1: worker process 51 exited with code 0
2025/04/27 16:07:34 [notice] 1#1: signal 29 (SIGIO) received
2025/04/27 16:07:34 [notice] 1#1: signal 17 (SIGCHLD) received from 52
2025/04/27 16:07:34 [notice] 1#1: worker process 39 exited with code 0
2025/04/27 16:07:34 [notice] 1#1: worker process 44 exited with code 0
2025/04/27 16:07:34 [notice] 1#1: worker process 52 exited with code 0
2025/04/27 16:07:34 [notice] 1#1: signal 29 (SIGIO) received
2025/04/27 16:07:34 [notice] 1#1: signal 17 (SIGCHLD) received from 44
2025/04/27 16:07:34 [notice] 1#1: signal 17 (SIGCHLD) received from 36
2025/04/27 16:07:34 [notice] 1#1: worker process 36 exited with code 0
2025/04/27 16:07:34 [notice] 1#1: worker process 45 exited with code 0
2025/04/27 16:07:34 [notice] 1#1: signal 29 (SIGIO) received
2025/04/27 16:07:34 [notice] 1#1: signal 17 (SIGCHLD) received from 45
2025/04/27 16:07:34 [notice] 1#1: worker process 30 exited with code 0
2025/04/27 16:07:34 [notice] 1#1: worker process 50 exited with code 0
2025/04/27 16:07:34 [notice] 1#1: signal 29 (SIGIO) received
2025/04/27 16:07:34 [notice] 1#1: signal 17 (SIGCHLD) received from 50
2025/04/27 16:07:34 [notice] 1#1: signal 17 (SIGCHLD) received from 37
2025/04/27 16:07:34 [notice] 1#1: worker process 31 exited with code 0
2025/04/27 16:07:34 [notice] 1#1: worker process 37 exited with code 0
2025/04/27 16:07:34 [notice] 1#1: worker process 42 exited with code 0
2025/04/27 16:07:34 [notice] 1#1: signal 29 (SIGIO) received
2025/04/27 16:07:34 [notice] 1#1: signal 17 (SIGCHLD) received from 42
2025/04/27 16:07:34 [notice] 1#1: signal 17 (SIGCHLD) received from 32
2025/04/27 16:07:34 [notice] 1#1: worker process 32 exited with code 0
2025/04/27 16:07:34 [notice] 1#1: signal 29 (SIGIO) received
2025/04/27 16:07:34 [notice] 1#1: signal 17 (SIGCHLD) received from 49
2025/04/27 16:07:34 [notice] 1#1: worker process 49 exited with code 0
2025/04/27 16:07:34 [notice] 1#1: signal 29 (SIGIO) received
2025/04/27 16:07:34 [notice] 1#1: signal 17 (SIGCHLD) received from 48
2025/04/27 16:07:34 [notice] 1#1: worker process 48 exited with code 0
2025/04/27 16:07:34 [notice] 1#1: signal 29 (SIGIO) received
2025/04/27 16:07:34 [notice] 1#1: signal 17 (SIGCHLD) received from 29
2025/04/27 16:07:34 [notice] 1#1: worker process 29 exited with code 0
2025/04/27 16:07:34 [notice] 1#1: exit
2025/04/27 16:08:29 [emerg] 1#1: invalid buffer size "0" in /etc/nginx/conf.d/default.conf:5
2025/04/27 16:08:30 [emerg] 1#1: invalid buffer size "0" in /etc/nginx/conf.d/default.conf:5
2025/04/27 16:08:30 [emerg] 1#1: invalid buffer size "0" in /etc/nginx/conf.d/default.conf:5
2025/04/27 16:08:31 [emerg] 1#1: invalid buffer size "0" in /etc/nginx/conf.d/default.conf:5
2025/04/27 16:08:32 [emerg] 1#1: invalid buffer size "0" in /etc/nginx/conf.d/default.conf:5
2025/04/27 16:08:33 [emerg] 1#1: invalid buffer size "0" in /etc/nginx/conf.d/default.conf:5
2025/04/27 16:08:37 [emerg] 1#1: invalid buffer size "0" in /etc/nginx/conf.d/default.conf:5
2025/04/27 16:08:43 [emerg] 1#1: invalid buffer size "0" in /etc/nginx/conf.d/default.conf:5
2025/04/27 16:08:56 [emerg] 1#1: invalid buffer size "0" in /etc/nginx/conf.d/default.conf:5
2025/04/27 16:09:22 [emerg] 1#1: invalid buffer size "0" in /etc/nginx/conf.d/default.conf:5
2025/04/27 16:10:13 [emerg] 1#1: invalid buffer size "0" in /etc/nginx/conf.d/default.conf:5
2025/04/27 16:12:55 [emerg] 1#1: no buffer is defined for access_log "/var/log/nginx/access.log" in /etc/nginx/conf.d/default.conf:5
2025/04/27 16:12:55 [emerg] 1#1: no buffer is defined for access_log "/var/log/nginx/access.log" in /etc/nginx/conf.d/default.conf:5
2025/04/27 16:12:56 [emerg] 1#1: no buffer is defined for access_log "/var/log/nginx/access.log" in /etc/nginx/conf.d/default.conf:5
2025/04/27 16:12:56 [emerg] 1#1: no buffer is defined for access_log "/var/log/nginx/access.log" in /etc/nginx/conf.d/default.conf:5
2025/04/27 16:12:57 [emerg] 1#1: no buffer is defined for access_log "/var/log/nginx/access.log" in /etc/nginx/conf.d/default.conf:5
2025/04/27 16:12:59 [emerg] 1#1: no buffer is defined for access_log "/var/log/nginx/access.log" in /etc/nginx/conf.d/default.conf:5
2025/04/27 16:13:02 [emerg] 1#1: no buffer is defined for access_log "/var/log/nginx/access.log" in /etc/nginx/conf.d/default.conf:5
2025/04/27 16:13:09 [emerg] 1#1: no buffer is defined for access_log "/var/log/nginx/access.log" in /etc/nginx/conf.d/default.conf:5
2025/04/27 16:13:22 [emerg] 1#1: no buffer is defined for access_log "/var/log/nginx/access.log" in /etc/nginx/conf.d/default.conf:5
2025/04/27 16:13:48 [emerg] 1#1: no buffer is defined for access_log "/var/log/nginx/access.log" in /etc/nginx/conf.d/default.conf:5
2025/04/27 16:14:39 [emerg] 1#1: no buffer is defined for access_log "/var/log/nginx/access.log" in /etc/nginx/conf.d/default.conf:5
2025/04/27 16:15:54 [notice] 1#1: using the "epoll" event method
2025/04/27 16:15:54 [notice] 1#1: nginx/1.27.5
2025/04/27 16:15:54 [notice] 1#1: built by gcc 14.2.0 (Alpine 14.2.0) 
2025/04/27 16:15:54 [notice] 1#1: OS: Linux 6.8.0-52-generic
2025/04/27 16:15:54 [notice] 1#1: getrlimit(RLIMIT_NOFILE): 1048576:1048576
2025/04/27 16:15:54 [notice] 1#1: start worker processes
2025/04/27 16:15:54 [notice] 1#1: start worker process 29
2025/04/27 16:15:54 [notice] 1#1: start worker process 30
2025/04/27 16:15:54 [notice] 1#1: start worker process 31
2025/04/27 16:15:54 [notice] 1#1: start worker process 32
2025/04/27 16:15:54 [notice] 1#1: start worker process 33
2025/04/27 16:15:54 [notice] 1#1: start worker process 34
2025/04/27 16:15:54 [notice] 1#1: start worker process 35
2025/04/27 16:15:54 [notice] 1#1: start worker process 36
2025/04/27 16:15:54 [notice] 1#1: start worker process 37
2025/04/27 16:15:54 [notice] 1#1: start worker process 38
2025/04/27 16:15:54 [notice] 1#1: start worker process 39
2025/04/27 16:15:54 [notice] 1#1: start worker process 40
2025/04/27 16:15:54 [notice] 1#1: start worker process 41
2025/04/27 16:15:54 [notice] 1#1: start worker process 42
2025/04/27 16:15:54 [notice] 1#1: start worker process 43
2025/04/27 16:15:54 [notice] 1#1: start worker process 44
2025/04/27 16:15:54 [notice] 1#1: start worker process 45
2025/04/27 16:15:54 [notice] 1#1: start worker process 46
2025/04/27 16:15:54 [notice] 1#1: start worker process 47
2025/04/27 16:15:54 [notice] 1#1: start worker process 48
2025/04/27 16:15:54 [notice] 1#1: start worker process 49
2025/04/27 16:15:54 [notice] 1#1: start worker process 50
2025/04/27 16:15:54 [notice] 1#1: start worker process 51
2025/04/27 16:15:54 [notice] 1#1: start worker process 52
2025/04/27 16:20:42 [warn] 30#30: *3 a client request body is buffered to a temporary file /var/cache/nginx/client_temp/0000000001, client: 140.115.213.16, server: localhost, request: "POST /api/uploadpdf/rephrase HTTP/1.1", host: "140.115.54.162:8080", referrer: "http://140.115.54.162:8080/scan_rephrase"
